<?xml version="1.0" encoding="UTF-8"?>
<!-- Generated by org.testng.reporters.JUnitReportReporter -->
<testsuite hostname="Nitro5Omar" failures="0" tests="2" name="omarcavazos.tests.ErrorValidationsTest" time="20.164" errors="0" timestamp="2025-06-08T17:30:11 CST" skipped="0">
  <testcase classname="omarcavazos.tests.ErrorValidationsTest" name="LoginErrorValidation" time="9.294"/>
  <testcase classname="omarcavazos.tests.ErrorValidationsTest" name="ProductErrorValidation" time="10.870"/>
</testsuite> <!-- omarcavazos.tests.ErrorValidationsTest -->
