<?xml version="1.0" encoding="UTF-8"?>
<!-- Generated by org.testng.reporters.JUnitReportReporter -->
<testsuite hostname="Nitro5Omar" failures="0" tests="1" name="cucumber.TestNGTestRunner" time="14.247" errors="0" timestamp="2025-06-13T12:22:23 CST" skipped="0">
  <testcase classname="cucumber.TestNGTestRunner" name="runScenario" time="14.247"/>
</testsuite> <!-- cucumber.TestNGTestRunner -->
