<?xml version="1.0" encoding="UTF-8"?>
<!-- Generated by org.testng.reporters.JUnitReportReporter -->
<testsuite hostname="Nitro5Omar" failures="0" tests="3" name="omarcavazos.tests.SubmitOrderTest" time="35.692" errors="0" timestamp="2025-06-08T17:30:11 CST" skipped="0">
  <testcase classname="omarcavazos.tests.SubmitOrderTest" name="submitOrder" time="12.668"/>
  <testcase classname="omarcavazos.tests.SubmitOrderTest" name="OrderHistoryTest" time="9.211"/>
  <testcase classname="omarcavazos.tests.SubmitOrderTest" name="submitOrder" time="13.813"/>
</testsuite> <!-- omarcavazos.tests.SubmitOrderTest -->
