<?xml version="1.0" encoding="UTF-8"?>
<!-- Generated by org.testng.reporters.JUnitReportReporter -->
<testsuite hostname="Nitro5Omar" failures="0" tests="2" name="omarcavazos.tests.ErrorValidationsTest" time="19.484" errors="0" timestamp="2025-06-18T07:36:41 CST" skipped="0">
  <testcase classname="omarcavazos.tests.ErrorValidationsTest" name="LoginErrorValidation" time="6.869"/>
  <testcase classname="omarcavazos.tests.ErrorValidationsTest" name="ProductErrorValidation" time="12.615"/>
</testsuite> <!-- omarcavazos.tests.ErrorValidationsTest -->
