<?xml version="1.0" encoding="UTF-8"?>
<!-- Generated by org.testng.reporters.JUnitReportReporter -->
<testsuite hostname="Nitro5Omar" failures="0" tests="3" name="omarcavazos.tests.SubmitOrderTest" time="29.168" errors="0" timestamp="2025-06-18T07:36:41 CST" skipped="0">
  <testcase classname="omarcavazos.tests.SubmitOrderTest" name="OrderHistoryTest" time="8.698"/>
  <testcase classname="omarcavazos.tests.SubmitOrderTest" name="submitOrder" time="10.238"/>
  <testcase classname="omarcavazos.tests.SubmitOrderTest" name="submitOrder" time="10.232"/>
</testsuite> <!-- omarcavazos.tests.SubmitOrderTest -->
